Partition Logs:
/system | /dev/block/mmcblk0p34 | Size: 881MB Used: 572MB Free: 309MB Backup Size: 572MB
   Flags: Can_Be_Mounted Can_Be_Wiped Can_Be_Backed_Up Wipe_Available_in_GUI IsPresent 
   Primary_Block_Device: /dev/block/mmcblk0p34
   Display_Name: System
   Storage_Name: System
   Backup_Path: /system
   Backup_Name: system
   Backup_Display_Name: System
   Storage_Path: /system
   Current_File_System: ext4
   Fstab_File_System: ext4
   Backup_Method: files

/data | /dev/block/mmcblk0p36 | Size: 2212MB Used: 1668MB Free: 229MB Backup Size: 1668MB
   Flags: Can_Be_Mounted Can_Be_Wiped Can_Be_Backed_Up Wipe_During_Factory_Reset Wipe_Available_in_GUI IsPresent Can_Be_Encrypted Has_Data_Media Can_Encrypt_Backup Use_Userdata_Encryption Is_Storage Is_Settings_Storage 
   Symlink_Path: /data/media/0
   Symlink_Mount_Point: /sdcard
   Primary_Block_Device: /dev/block/mmcblk0p36
   Crypto_Key_Location: /dev/block/platform/msm_sdcc.1/by-name/metadata
   Display_Name: Data
   Storage_Name: Internal Storage
   Backup_Path: /data
   Backup_Name: data
   Backup_Display_Name: Data
   Storage_Path: /data/media/0
   Current_File_System: ext4
   Fstab_File_System: ext4
   Backup_Method: files
   Mount_Flags=0x     c06, Mount_Options=discard,inline_xattr,inline_data
   MTP_Storage_ID: 65538

/cache | /dev/block/mmcblk0p33 | Size: 446MB Used: 7MB Free: 439MB Backup Size: 7MB
   Flags: Can_Be_Mounted Can_Be_Wiped Can_Be_Backed_Up Wipe_During_Factory_Reset Wipe_Available_in_GUI IsPresent 
   Primary_Block_Device: /dev/block/mmcblk0p33
   Display_Name: Cache
   Storage_Name: Cache
   Backup_Path: /cache
   Backup_Name: cache
   Backup_Display_Name: Cache
   Storage_Path: /cache
   Current_File_System: ext4
   Fstab_File_System: ext4
   Backup_Method: files

/boot | /dev/block/mmcblk0p31 | Size: 9MB
   Flags: Can_Be_Backed_Up IsPresent Can_Flash_Img 
   Primary_Block_Device: /dev/block/mmcblk0p31
   Display_Name: Boot
   Storage_Name: boot
   Backup_Path: /boot
   Backup_Name: boot
   Backup_Display_Name: Boot
   Storage_Path: /boot
   Current_File_System: emmc
   Fstab_File_System: emmc
   Backup_Method: dd

/recovery | /dev/block/mmcblk0p32 | Size: 10MB
   Flags: IsPresent Can_Flash_Img 
   Primary_Block_Device: /dev/block/mmcblk0p32
   Display_Name: Recovery
   Storage_Name: recovery
   Backup_Path: /recovery
   Backup_Name: recovery
   Backup_Display_Name: Recovery
   Storage_Path: /recovery
   Current_File_System: emmc
   Fstab_File_System: emmc
   Backup_Method: dd

/misc | /dev/block/mmcblk0p30 | Size: 0MB
   Flags: IsPresent 
   Primary_Block_Device: /dev/block/mmcblk0p30
   Display_Name: misc
   Storage_Name: misc
   Backup_Path: /misc
   Backup_Name: misc
   Backup_Display_Name: misc
   Storage_Path: /misc
   Current_File_System: emmc
   Fstab_File_System: emmc
   Backup_Method: dd

/firmware | /dev/block/mmcblk0p1 | Size: 62MB Used: 43MB Free: 19MB Backup Size: 43MB
   Flags: Can_Be_Mounted Can_Be_Wiped Can_Be_Backed_Up IsPresent Mount_To_Decrypt 
   Primary_Block_Device: /dev/block/mmcblk0p1
   Display_Name: Firmware
   Storage_Name: Firmware
   Backup_Path: /firmware
   Backup_Name: firmware
   Backup_Display_Name: Firmware
   Storage_Path: /firmware
   Current_File_System: ext4
   Fstab_File_System: ext4
   Backup_Method: files

/modem_st1 | /dev/block/mmcblk0p17 | Size: 1MB
   Flags: Can_Be_Backed_Up Has_SubPartition IsPresent 
   Primary_Block_Device: /dev/block/mmcblk0p17
   Display_Name: EFS
   Storage_Name: EFS
   Backup_Path: /modem_st1
   Backup_Name: modem_st1
   Backup_Display_Name: EFS
   Storage_Path: /modem_st1
   Current_File_System: emmc
   Fstab_File_System: emmc
   Backup_Method: dd

/modem_st2 | /dev/block/mmcblk0p18 | Size: 1MB
   Flags: Can_Be_Backed_Up Is_SubPartition IsPresent 
   SubPartition_Of: /modem_st1
   Primary_Block_Device: /dev/block/mmcblk0p18
   Display_Name: modem_st2
   Storage_Name: modem_st2
   Backup_Path: /modem_st2
   Backup_Name: modem_st2
   Backup_Display_Name: modem_st2
   Storage_Path: /modem_st2
   Current_File_System: emmc
   Fstab_File_System: emmc
   Backup_Method: dd

ro.boot.cid=0xC
ro.boot.emmc=true
ro.boot.mode=normal
ro.boot.hwrev=0x82B0
ro.boot.radio=0x1
ro.boot.device=condor
ro.boot.fsg-id=
ro.boot.carrier=tefla
ro.boot.selinux=permissive
ro.boot.baseband=msm
ro.boot.hardware=qcom
ro.boot.serialno=ZX1B24R3JK
ro.boot.bootdevice=msm_sdcc.1
ro.boot.bootloader=0x5009
ro.board.platform=msm8610
ro.bootloader=0x5009